<?xml version="1.0" encoding="UTF-8"?>
<!-- Generated by org.testng.reporters.JUnitReportReporter -->
<testsuite skipped="0" hostname="DESKTOP-5CGRLB0" name="Runner.TestRunner" tests="1" failures="0" timestamp="2021-08-12T13:01:38 IST" time="68.600" errors="0">
  <testcase name="runScenario" time="68.600" classname="Runner.TestRunner"/>
  <system-out/>
</testsuite> <!-- Runner.TestRunner -->
